2024-10-04T06:46:34.443+02:00  WARN 21296 --- [donbosco] [HikariPool-4 housekeeper] com.zaxxer.hikari.pool.HikariPool        : HikariPool-4 - Thread starvation or clock leap detected (housekeeper delta=7h43m8s731ms739µs500ns).
2024-10-04T07:09:39.782+02:00 DEBUG 21296 --- [donbosco] [http-nio-8080-exec-7] o.s.security.web.FilterChainProxy        : Securing GET /api/flights/departure/Huelva
2024-10-04T07:09:39.815+02:00 DEBUG 21296 --- [donbosco] [http-nio-8080-exec-7] o.s.s.w.a.AnonymousAuthenticationFilter  : Set SecurityContextHolder to anonymous SecurityContext
2024-10-04T07:09:39.816+02:00 DEBUG 21296 --- [donbosco] [http-nio-8080-exec-7] o.s.security.web.FilterChainProxy        : Secured GET /api/flights/departure/Huelva
2024-10-04T07:10:04.985+02:00 DEBUG 21296 --- [donbosco] [http-nio-8080-exec-8] o.s.security.web.FilterChainProxy        : Securing GET /api/flights/departure/Huelva
2024-10-04T07:10:04.986+02:00 DEBUG 21296 --- [donbosco] [http-nio-8080-exec-8] o.s.s.w.a.AnonymousAuthenticationFilter  : Set SecurityContextHolder to anonymous SecurityContext
2024-10-04T07:10:04.986+02:00 DEBUG 21296 --- [donbosco] [http-nio-8080-exec-8] o.s.security.web.FilterChainProxy        : Secured GET /api/flights/departure/Huelva
2024-10-04T07:49:40.613+02:00  WARN 21296 --- [donbosco] [HikariPool-4 housekeeper] com.zaxxer.hikari.pool.HikariPool        : HikariPool-4 - Thread starvation or clock leap detected (housekeeper delta=16m33s47ms118µs200ns).
2024-10-04T08:39:04.341+02:00  WARN 21296 --- [donbosco] [HikariPool-4 housekeeper] com.zaxxer.hikari.pool.HikariPool        : HikariPool-4 - Thread starvation or clock leap detected (housekeeper delta=23m53s285ms657µs600ns).
2024-10-04T08:51:34.734+02:00 DEBUG 21296 --- [donbosco] [http-nio-8080-exec-10] o.s.security.web.FilterChainProxy        : Securing GET /api/flights/departure/Huelva
2024-10-04T08:51:34.740+02:00 DEBUG 21296 --- [donbosco] [http-nio-8080-exec-10] o.s.s.w.a.AnonymousAuthenticationFilter  : Set SecurityContextHolder to anonymous SecurityContext
2024-10-04T08:51:34.744+02:00 DEBUG 21296 --- [donbosco] [http-nio-8080-exec-10] o.s.security.web.FilterChainProxy        : Secured GET /api/flights/departure/Huelva
2024-10-04T11:22:34.235+02:00  INFO 21296 --- [donbosco] [File Watcher] rtingClassPathChangeChangedEventListener : Restarting due to 3 class path changes (0 additions, 0 deletions, 3 modifications)
2024-10-04T11:22:34.395+02:00  INFO 21296 --- [donbosco] [Thread-15] j.LocalContainerEntityManagerFactoryBean : Closing JPA EntityManagerFactory for persistence unit 'default'
2024-10-04T11:22:34.482+02:00  INFO 21296 --- [donbosco] [Thread-15] com.zaxxer.hikari.HikariDataSource       : HikariPool-4 - Shutdown initiated...
2024-10-04T11:22:34.788+02:00  INFO 21296 --- [donbosco] [Thread-15] com.zaxxer.hikari.HikariDataSource       : HikariPool-4 - Shutdown completed.
2024-10-04T11:22:37.054+02:00  INFO 21296 --- [donbosco] [restartedMain] com.donbosco.DonboscoApplication         : Starting DonboscoApplication using Java 21.0.3 with PID 21296 (C:\jmat_DEVOps\07_proyectos\FINAL_PROYECT\DonboscoApp\target\classes started by F5 02 SEV in C:\jmat_DEVOps\07_proyectos\FINAL_PROYECT\DonboscoApp)
2024-10-04T11:22:37.068+02:00  INFO 21296 --- [donbosco] [restartedMain] com.donbosco.DonboscoApplication         : No active profile set, falling back to 1 default profile: "default"
2024-10-04T11:22:40.585+02:00  INFO 21296 --- [donbosco] [restartedMain] .s.d.r.c.RepositoryConfigurationDelegate : Bootstrapping Spring Data JPA repositories in DEFAULT mode.
2024-10-04T11:22:40.771+02:00  INFO 21296 --- [donbosco] [restartedMain] .s.d.r.c.RepositoryConfigurationDelegate : Finished Spring Data repository scanning in 162 ms. Found 3 JPA repository interfaces.
2024-10-04T11:22:43.602+02:00  INFO 21296 --- [donbosco] [restartedMain] o.s.b.w.embedded.tomcat.TomcatWebServer  : Tomcat initialized with port 8080 (http)
2024-10-04T11:22:43.734+02:00  INFO 21296 --- [donbosco] [restartedMain] o.apache.catalina.core.StandardService   : Starting service [Tomcat]
2024-10-04T11:22:43.784+02:00  INFO 21296 --- [donbosco] [restartedMain] o.apache.catalina.core.StandardEngine    : Starting Servlet engine: [Apache Tomcat/10.1.30]
2024-10-04T11:22:43.933+02:00  INFO 21296 --- [donbosco] [restartedMain] o.a.c.c.C.[Tomcat].[localhost].[/]       : Initializing Spring embedded WebApplicationContext
2024-10-04T11:22:43.936+02:00  INFO 21296 --- [donbosco] [restartedMain] w.s.c.ServletWebServerApplicationContext : Root WebApplicationContext: initialization completed in 6837 ms
2024-10-04T11:22:44.288+02:00  INFO 21296 --- [donbosco] [restartedMain] o.hibernate.jpa.internal.util.LogHelper  : HHH000204: Processing PersistenceUnitInfo [name: default]
2024-10-04T11:22:44.321+02:00  INFO 21296 --- [donbosco] [restartedMain] o.h.c.internal.RegionFactoryInitiator    : HHH000026: Second-level cache disabled
2024-10-04T11:22:44.492+02:00  INFO 21296 --- [donbosco] [restartedMain] o.s.o.j.p.SpringPersistenceUnitInfo      : No LoadTimeWeaver setup: ignoring JPA class transformer
2024-10-04T11:22:44.652+02:00  INFO 21296 --- [donbosco] [restartedMain] com.zaxxer.hikari.HikariDataSource       : HikariPool-5 - Starting...
2024-10-04T11:22:44.764+02:00  INFO 21296 --- [donbosco] [restartedMain] com.zaxxer.hikari.pool.HikariPool        : HikariPool-5 - Added connection com.mysql.cj.jdbc.ConnectionImpl@6ea90d2c
2024-10-04T11:22:44.776+02:00  INFO 21296 --- [donbosco] [restartedMain] com.zaxxer.hikari.HikariDataSource       : HikariPool-5 - Start completed.
2024-10-04T11:22:44.779+02:00  WARN 21296 --- [donbosco] [restartedMain] org.hibernate.orm.deprecation            : HHH90000025: MySQL8Dialect does not need to be specified explicitly using 'hibernate.dialect' (remove the property setting and it will be selected by default)
2024-10-04T11:22:44.781+02:00  WARN 21296 --- [donbosco] [restartedMain] org.hibernate.orm.deprecation            : HHH90000026: MySQL8Dialect has been deprecated; use org.hibernate.dialect.MySQLDialect instead
2024-10-04T11:22:46.365+02:00  INFO 21296 --- [donbosco] [restartedMain] o.h.e.t.j.p.i.JtaPlatformInitiator       : HHH000489: No JTA platform available (set 'hibernate.transaction.jta.platform' to enable JTA platform integration)
2024-10-04T11:22:46.587+02:00  INFO 21296 --- [donbosco] [restartedMain] j.LocalContainerEntityManagerFactoryBean : Initialized JPA EntityManagerFactory for persistence unit 'default'
2024-10-04T11:22:49.782+02:00  INFO 21296 --- [donbosco] [restartedMain] eAuthenticationProviderManagerConfigurer : Global AuthenticationManager configured with AuthenticationProvider bean with name authenticationProvider
2024-10-04T11:22:49.787+02:00  WARN 21296 --- [donbosco] [restartedMain] r$InitializeUserDetailsManagerConfigurer : Global AuthenticationManager configured with an AuthenticationProvider bean. UserDetailsService beans will not be used for username/password login. Consider removing the AuthenticationProvider bean. Alternatively, consider using the UserDetailsService in a manually instantiated DaoAuthenticationProvider.
2024-10-04T11:22:49.974+02:00  WARN 21296 --- [donbosco] [restartedMain] JpaBaseConfiguration$JpaWebConfiguration : spring.jpa.open-in-view is enabled by default. Therefore, database queries may be performed during view rendering. Explicitly configure spring.jpa.open-in-view to disable this warning
2024-10-04T11:22:50.227+02:00 DEBUG 21296 --- [donbosco] [restartedMain] o.s.s.web.DefaultSecurityFilterChain     : Will secure any request with filters: DisableEncodeUrlFilter, WebAsyncManagerIntegrationFilter, SecurityContextHolderFilter, HeaderWriterFilter, LogoutFilter, AuthTokenFilter, RequestCacheAwareFilter, SecurityContextHolderAwareRequestFilter, AnonymousAuthenticationFilter, SessionManagementFilter, ExceptionTranslationFilter, AuthorizationFilter
2024-10-04T11:22:50.461+02:00  INFO 21296 --- [donbosco] [restartedMain] o.s.b.d.a.OptionalLiveReloadServer       : LiveReload server is running on port 35729
2024-10-04T11:22:50.488+02:00  INFO 21296 --- [donbosco] [restartedMain] o.s.b.w.embedded.tomcat.TomcatWebServer  : Tomcat started on port 8080 (http) with context path '/'
2024-10-04T11:22:50.518+02:00  INFO 21296 --- [donbosco] [restartedMain] com.donbosco.DonboscoApplication         : Started DonboscoApplication in 14.665 seconds (process running for 69799.741)
2024-10-04T11:22:50.534+02:00  INFO 21296 --- [donbosco] [restartedMain] .ConditionEvaluationDeltaLoggingListener : Condition evaluation unchanged
